<?xml version="1.0" encoding="UTF-8"?>
<testng-results skipped="0" failed="0" ignored="0" total="7" passed="7">
  <reporter-output>
  </reporter-output>
  <suite name="testsuite" duration-ms="230872" started-at="2022-12-15T21:18:24 GMT" finished-at="2022-12-15T21:22:15 GMT">
    <groups>
    </groups>
    <test name="Login Test" duration-ms="230872" started-at="2022-12-15T21:18:24 GMT" finished-at="2022-12-15T21:22:15 GMT">
      <class name="uk.co.library.testsuite.JobSearchTest">
        <test-method status="PASS" signature="setUp()[pri:0, instance:uk.co.library.testsuite.JobSearchTest@4524411f]" name="setUp" is-config="true" duration-ms="5224" started-at="2022-12-15T21:18:25 GMT" finished-at="2022-12-15T21:18:30 GMT">
          <reporter-output>
          </reporter-output>
        </test-method> <!-- setUp -->
        <test-method status="PASS" signature="inIt()[pri:0, instance:uk.co.library.testsuite.JobSearchTest@4524411f]" name="inIt" is-config="true" duration-ms="37" started-at="2022-12-15T21:18:30 GMT" finished-at="2022-12-15T21:18:30 GMT">
          <reporter-output>
          </reporter-output>
        </test-method> <!-- inIt -->
        <test-method status="PASS" signature="verifyJobSearchResultUsingDifferentDataSet(java.lang.String,java.lang.String,java.lang.String,java.lang.String,java.lang.String,java.lang.String,java.lang.String,java.lang.String)[pri:0, instance:uk.co.library.testsuite.JobSearchTest@4524411f]" name="verifyJobSearchResultUsingDifferentDataSet" duration-ms="29464" started-at="2022-12-15T21:18:30 GMT" data-provider="credentials" finished-at="2022-12-15T21:18:59 GMT">
          <params>
            <param index="0">
              <value>
                <![CDATA[Tester]]>
              </value>
            </param>
            <param index="1">
              <value>
                <![CDATA[Harrow]]>
              </value>
            </param>
            <param index="2">
              <value>
                <![CDATA[up to 5 miles]]>
              </value>
            </param>
            <param index="3">
              <value>
                <![CDATA[30000]]>
              </value>
            </param>
            <param index="4">
              <value>
                <![CDATA[500000]]>
              </value>
            </param>
            <param index="5">
              <value>
                <![CDATA[Per annum]]>
              </value>
            </param>
            <param index="6">
              <value>
                <![CDATA[Permanent]]>
              </value>
            </param>
            <param index="7">
              <value>
                <![CDATA[Permanent Tester jobs in Harrow on the Hill]]>
              </value>
            </param>
          </params>
          <reporter-output>
          </reporter-output>
        </test-method> <!-- verifyJobSearchResultUsingDifferentDataSet -->
        <test-method status="PASS" signature="tearDown()[pri:0, instance:uk.co.library.testsuite.JobSearchTest@4524411f]" name="tearDown" is-config="true" duration-ms="890" started-at="2022-12-15T21:18:59 GMT" finished-at="2022-12-15T21:19:00 GMT">
          <reporter-output>
          </reporter-output>
        </test-method> <!-- tearDown -->
        <test-method status="PASS" signature="setUp()[pri:0, instance:uk.co.library.testsuite.JobSearchTest@4524411f]" name="setUp" is-config="true" duration-ms="3169" started-at="2022-12-15T21:19:00 GMT" finished-at="2022-12-15T21:19:04 GMT">
          <reporter-output>
          </reporter-output>
        </test-method> <!-- setUp -->
        <test-method status="PASS" signature="inIt()[pri:0, instance:uk.co.library.testsuite.JobSearchTest@4524411f]" name="inIt" is-config="true" duration-ms="3" started-at="2022-12-15T21:19:04 GMT" finished-at="2022-12-15T21:19:04 GMT">
          <reporter-output>
          </reporter-output>
        </test-method> <!-- inIt -->
        <test-method status="PASS" signature="verifyJobSearchResultUsingDifferentDataSet(java.lang.String,java.lang.String,java.lang.String,java.lang.String,java.lang.String,java.lang.String,java.lang.String,java.lang.String)[pri:0, instance:uk.co.library.testsuite.JobSearchTest@4524411f]" name="verifyJobSearchResultUsingDifferentDataSet" duration-ms="28367" started-at="2022-12-15T21:19:04 GMT" data-provider="credentials" finished-at="2022-12-15T21:19:32 GMT">
          <params>
            <param index="0">
              <value>
                <![CDATA[Manager]]>
              </value>
            </param>
            <param index="1">
              <value>
                <![CDATA[Wembley]]>
              </value>
            </param>
            <param index="2">
              <value>
                <![CDATA[up to 10 miles]]>
              </value>
            </param>
            <param index="3">
              <value>
                <![CDATA[40000]]>
              </value>
            </param>
            <param index="4">
              <value>
                <![CDATA[500000]]>
              </value>
            </param>
            <param index="5">
              <value>
                <![CDATA[Per annum]]>
              </value>
            </param>
            <param index="6">
              <value>
                <![CDATA[Permanent]]>
              </value>
            </param>
            <param index="7">
              <value>
                <![CDATA[Permanent Manager jobs in Wembley]]>
              </value>
            </param>
          </params>
          <reporter-output>
          </reporter-output>
        </test-method> <!-- verifyJobSearchResultUsingDifferentDataSet -->
        <test-method status="PASS" signature="tearDown()[pri:0, instance:uk.co.library.testsuite.JobSearchTest@4524411f]" name="tearDown" is-config="true" duration-ms="881" started-at="2022-12-15T21:19:32 GMT" finished-at="2022-12-15T21:19:33 GMT">
          <reporter-output>
          </reporter-output>
        </test-method> <!-- tearDown -->
        <test-method status="PASS" signature="setUp()[pri:0, instance:uk.co.library.testsuite.JobSearchTest@4524411f]" name="setUp" is-config="true" duration-ms="3018" started-at="2022-12-15T21:19:33 GMT" finished-at="2022-12-15T21:19:36 GMT">
          <reporter-output>
          </reporter-output>
        </test-method> <!-- setUp -->
        <test-method status="PASS" signature="inIt()[pri:0, instance:uk.co.library.testsuite.JobSearchTest@4524411f]" name="inIt" is-config="true" duration-ms="1" started-at="2022-12-15T21:19:36 GMT" finished-at="2022-12-15T21:19:36 GMT">
          <reporter-output>
          </reporter-output>
        </test-method> <!-- inIt -->
        <test-method status="PASS" signature="verifyJobSearchResultUsingDifferentDataSet(java.lang.String,java.lang.String,java.lang.String,java.lang.String,java.lang.String,java.lang.String,java.lang.String,java.lang.String)[pri:0, instance:uk.co.library.testsuite.JobSearchTest@4524411f]" name="verifyJobSearchResultUsingDifferentDataSet" duration-ms="28499" started-at="2022-12-15T21:19:36 GMT" data-provider="credentials" finished-at="2022-12-15T21:20:04 GMT">
          <params>
            <param index="0">
              <value>
                <![CDATA[Plumber]]>
              </value>
            </param>
            <param index="1">
              <value>
                <![CDATA[Watford]]>
              </value>
            </param>
            <param index="2">
              <value>
                <![CDATA[up to 15 miles]]>
              </value>
            </param>
            <param index="3">
              <value>
                <![CDATA[50000]]>
              </value>
            </param>
            <param index="4">
              <value>
                <![CDATA[600000]]>
              </value>
            </param>
            <param index="5">
              <value>
                <![CDATA[Per annum]]>
              </value>
            </param>
            <param index="6">
              <value>
                <![CDATA[Permanent]]>
              </value>
            </param>
            <param index="7">
              <value>
                <![CDATA[Permanent Plumber jobs in Watford]]>
              </value>
            </param>
          </params>
          <reporter-output>
          </reporter-output>
        </test-method> <!-- verifyJobSearchResultUsingDifferentDataSet -->
        <test-method status="PASS" signature="tearDown()[pri:0, instance:uk.co.library.testsuite.JobSearchTest@4524411f]" name="tearDown" is-config="true" duration-ms="858" started-at="2022-12-15T21:20:04 GMT" finished-at="2022-12-15T21:20:05 GMT">
          <reporter-output>
          </reporter-output>
        </test-method> <!-- tearDown -->
        <test-method status="PASS" signature="setUp()[pri:0, instance:uk.co.library.testsuite.JobSearchTest@4524411f]" name="setUp" is-config="true" duration-ms="3455" started-at="2022-12-15T21:20:05 GMT" finished-at="2022-12-15T21:20:09 GMT">
          <reporter-output>
          </reporter-output>
        </test-method> <!-- setUp -->
        <test-method status="PASS" signature="inIt()[pri:0, instance:uk.co.library.testsuite.JobSearchTest@4524411f]" name="inIt" is-config="true" duration-ms="1" started-at="2022-12-15T21:20:09 GMT" finished-at="2022-12-15T21:20:09 GMT">
          <reporter-output>
          </reporter-output>
        </test-method> <!-- inIt -->
        <test-method status="PASS" signature="verifyJobSearchResultUsingDifferentDataSet(java.lang.String,java.lang.String,java.lang.String,java.lang.String,java.lang.String,java.lang.String,java.lang.String,java.lang.String)[pri:0, instance:uk.co.library.testsuite.JobSearchTest@4524411f]" name="verifyJobSearchResultUsingDifferentDataSet" duration-ms="28845" started-at="2022-12-15T21:20:09 GMT" data-provider="credentials" finished-at="2022-12-15T21:20:37 GMT">
          <params>
            <param index="0">
              <value>
                <![CDATA[Driver]]>
              </value>
            </param>
            <param index="1">
              <value>
                <![CDATA[Barnet]]>
              </value>
            </param>
            <param index="2">
              <value>
                <![CDATA[up to 10 miles]]>
              </value>
            </param>
            <param index="3">
              <value>
                <![CDATA[60000]]>
              </value>
            </param>
            <param index="4">
              <value>
                <![CDATA[700000]]>
              </value>
            </param>
            <param index="5">
              <value>
                <![CDATA[Per annum]]>
              </value>
            </param>
            <param index="6">
              <value>
                <![CDATA[Permanent]]>
              </value>
            </param>
            <param index="7">
              <value>
                <![CDATA[Permanent Driver jobs in Barnet]]>
              </value>
            </param>
          </params>
          <reporter-output>
          </reporter-output>
        </test-method> <!-- verifyJobSearchResultUsingDifferentDataSet -->
        <test-method status="PASS" signature="tearDown()[pri:0, instance:uk.co.library.testsuite.JobSearchTest@4524411f]" name="tearDown" is-config="true" duration-ms="803" started-at="2022-12-15T21:20:37 GMT" finished-at="2022-12-15T21:20:38 GMT">
          <reporter-output>
          </reporter-output>
        </test-method> <!-- tearDown -->
        <test-method status="PASS" signature="setUp()[pri:0, instance:uk.co.library.testsuite.JobSearchTest@4524411f]" name="setUp" is-config="true" duration-ms="2597" started-at="2022-12-15T21:20:38 GMT" finished-at="2022-12-15T21:20:41 GMT">
          <reporter-output>
          </reporter-output>
        </test-method> <!-- setUp -->
        <test-method status="PASS" signature="inIt()[pri:0, instance:uk.co.library.testsuite.JobSearchTest@4524411f]" name="inIt" is-config="true" duration-ms="1" started-at="2022-12-15T21:20:41 GMT" finished-at="2022-12-15T21:20:41 GMT">
          <reporter-output>
          </reporter-output>
        </test-method> <!-- inIt -->
        <test-method status="PASS" signature="verifyJobSearchResultUsingDifferentDataSet(java.lang.String,java.lang.String,java.lang.String,java.lang.String,java.lang.String,java.lang.String,java.lang.String,java.lang.String)[pri:0, instance:uk.co.library.testsuite.JobSearchTest@4524411f]" name="verifyJobSearchResultUsingDifferentDataSet" duration-ms="29381" started-at="2022-12-15T21:20:41 GMT" data-provider="credentials" finished-at="2022-12-15T21:21:10 GMT">
          <params>
            <param index="0">
              <value>
                <![CDATA[Administrator]]>
              </value>
            </param>
            <param index="1">
              <value>
                <![CDATA[Ruislip]]>
              </value>
            </param>
            <param index="2">
              <value>
                <![CDATA[up to 10 miles]]>
              </value>
            </param>
            <param index="3">
              <value>
                <![CDATA[70000]]>
              </value>
            </param>
            <param index="4">
              <value>
                <![CDATA[800000]]>
              </value>
            </param>
            <param index="5">
              <value>
                <![CDATA[Per annum]]>
              </value>
            </param>
            <param index="6">
              <value>
                <![CDATA[Permanent]]>
              </value>
            </param>
            <param index="7">
              <value>
                <![CDATA[Permanent Administrator jobs in Ruislip]]>
              </value>
            </param>
          </params>
          <reporter-output>
          </reporter-output>
        </test-method> <!-- verifyJobSearchResultUsingDifferentDataSet -->
        <test-method status="PASS" signature="tearDown()[pri:0, instance:uk.co.library.testsuite.JobSearchTest@4524411f]" name="tearDown" is-config="true" duration-ms="846" started-at="2022-12-15T21:21:10 GMT" finished-at="2022-12-15T21:21:11 GMT">
          <reporter-output>
          </reporter-output>
        </test-method> <!-- tearDown -->
        <test-method status="PASS" signature="setUp()[pri:0, instance:uk.co.library.testsuite.JobSearchTest@4524411f]" name="setUp" is-config="true" duration-ms="2838" started-at="2022-12-15T21:21:11 GMT" finished-at="2022-12-15T21:21:14 GMT">
          <reporter-output>
          </reporter-output>
        </test-method> <!-- setUp -->
        <test-method status="PASS" signature="inIt()[pri:0, instance:uk.co.library.testsuite.JobSearchTest@4524411f]" name="inIt" is-config="true" duration-ms="1" started-at="2022-12-15T21:21:14 GMT" finished-at="2022-12-15T21:21:14 GMT">
          <reporter-output>
          </reporter-output>
        </test-method> <!-- inIt -->
        <test-method status="PASS" signature="verifyJobSearchResultUsingDifferentDataSet(java.lang.String,java.lang.String,java.lang.String,java.lang.String,java.lang.String,java.lang.String,java.lang.String,java.lang.String)[pri:0, instance:uk.co.library.testsuite.JobSearchTest@4524411f]" name="verifyJobSearchResultUsingDifferentDataSet" duration-ms="28524" started-at="2022-12-15T21:21:14 GMT" data-provider="credentials" finished-at="2022-12-15T21:21:42 GMT">
          <params>
            <param index="0">
              <value>
                <![CDATA[Customer Assistant]]>
              </value>
            </param>
            <param index="1">
              <value>
                <![CDATA[Kilburn]]>
              </value>
            </param>
            <param index="2">
              <value>
                <![CDATA[up to 7 miles]]>
              </value>
            </param>
            <param index="3">
              <value>
                <![CDATA[80000]]>
              </value>
            </param>
            <param index="4">
              <value>
                <![CDATA[900000]]>
              </value>
            </param>
            <param index="5">
              <value>
                <![CDATA[Per annum]]>
              </value>
            </param>
            <param index="6">
              <value>
                <![CDATA[Permanent]]>
              </value>
            </param>
            <param index="7">
              <value>
                <![CDATA[Permanent Customer Assistant jobs in Kilburn]]>
              </value>
            </param>
          </params>
          <reporter-output>
          </reporter-output>
        </test-method> <!-- verifyJobSearchResultUsingDifferentDataSet -->
        <test-method status="PASS" signature="tearDown()[pri:0, instance:uk.co.library.testsuite.JobSearchTest@4524411f]" name="tearDown" is-config="true" duration-ms="764" started-at="2022-12-15T21:21:42 GMT" finished-at="2022-12-15T21:21:43 GMT">
          <reporter-output>
          </reporter-output>
        </test-method> <!-- tearDown -->
        <test-method status="PASS" signature="setUp()[pri:0, instance:uk.co.library.testsuite.JobSearchTest@4524411f]" name="setUp" is-config="true" duration-ms="3329" started-at="2022-12-15T21:21:43 GMT" finished-at="2022-12-15T21:21:47 GMT">
          <reporter-output>
          </reporter-output>
        </test-method> <!-- setUp -->
        <test-method status="PASS" signature="inIt()[pri:0, instance:uk.co.library.testsuite.JobSearchTest@4524411f]" name="inIt" is-config="true" duration-ms="1" started-at="2022-12-15T21:21:47 GMT" finished-at="2022-12-15T21:21:47 GMT">
          <reporter-output>
          </reporter-output>
        </test-method> <!-- inIt -->
        <test-method status="PASS" signature="verifyJobSearchResultUsingDifferentDataSet(java.lang.String,java.lang.String,java.lang.String,java.lang.String,java.lang.String,java.lang.String,java.lang.String,java.lang.String)[pri:0, instance:uk.co.library.testsuite.JobSearchTest@4524411f]" name="verifyJobSearchResultUsingDifferentDataSet" duration-ms="27864" started-at="2022-12-15T21:21:47 GMT" data-provider="credentials" finished-at="2022-12-15T21:22:14 GMT">
          <params>
            <param index="0">
              <value>
                <![CDATA[Team Leader]]>
              </value>
            </param>
            <param index="1">
              <value>
                <![CDATA[Maida Vale]]>
              </value>
            </param>
            <param index="2">
              <value>
                <![CDATA[up to 5 miles]]>
              </value>
            </param>
            <param index="3">
              <value>
                <![CDATA[90000]]>
              </value>
            </param>
            <param index="4">
              <value>
                <![CDATA[900000]]>
              </value>
            </param>
            <param index="5">
              <value>
                <![CDATA[Per annum]]>
              </value>
            </param>
            <param index="6">
              <value>
                <![CDATA[Permanent]]>
              </value>
            </param>
            <param index="7">
              <value>
                <![CDATA[Permanent Team Leader jobs in Maida Vale]]>
              </value>
            </param>
          </params>
          <reporter-output>
          </reporter-output>
        </test-method> <!-- verifyJobSearchResultUsingDifferentDataSet -->
        <test-method status="PASS" signature="tearDown()[pri:0, instance:uk.co.library.testsuite.JobSearchTest@4524411f]" name="tearDown" is-config="true" duration-ms="762" started-at="2022-12-15T21:22:14 GMT" finished-at="2022-12-15T21:22:15 GMT">
          <reporter-output>
          </reporter-output>
        </test-method> <!-- tearDown -->
      </class> <!-- uk.co.library.testsuite.JobSearchTest -->
    </test> <!-- Login Test -->
  </suite> <!-- testsuite -->
</testng-results>
